mode: set
project-capston/features/goverment/service/logic.go:17.87,22.2 1 1
project-capston/features/goverment/service/logic.go:25.69,27.24 2 1
project-capston/features/goverment/service/logic.go:27.24,29.3 1 1
project-capston/features/goverment/service/logic.go:31.2,32.12 2 1
project-capston/features/goverment/service/logic.go:36.97,38.16 2 1
project-capston/features/goverment/service/logic.go:38.16,40.3 1 1
project-capston/features/goverment/service/logic.go:41.2,41.20 1 1
project-capston/features/goverment/service/logic.go:45.75,47.16 2 1
project-capston/features/goverment/service/logic.go:47.16,49.3 1 1
project-capston/features/goverment/service/logic.go:50.2,50.20 1 1
project-capston/features/goverment/service/logic.go:54.80,57.2 2 1
project-capston/features/goverment/service/logic.go:60.60,63.2 2 1
project-capston/features/goverment/service/logic.go:66.136,68.16 2 1
project-capston/features/goverment/service/logic.go:68.16,70.3 1 1
project-capston/features/goverment/service/logic.go:71.2,71.20 1 1
project-capston/features/goverment/service/logic.go:75.90,76.25 1 1
project-capston/features/goverment/service/logic.go:76.25,78.3 1 1
project-capston/features/goverment/service/logic.go:79.2,80.15 2 1
project-capston/features/goverment/service/logic.go:80.15,82.3 1 1
project-capston/features/goverment/service/logic.go:83.2,83.17 1 1
