mode: set
project-capston/features/emergency/service/logic.go:19.72,21.14 2 1
project-capston/features/emergency/service/logic.go:21.14,23.3 1 1
project-capston/features/emergency/service/logic.go:24.2,24.12 1 1
project-capston/features/emergency/service/logic.go:37.64,39.16 2 1
project-capston/features/emergency/service/logic.go:39.16,41.3 1 1
project-capston/features/emergency/service/logic.go:42.2,42.19 1 1
project-capston/features/emergency/service/logic.go:46.66,48.16 2 1
project-capston/features/emergency/service/logic.go:48.16,50.3 1 1
project-capston/features/emergency/service/logic.go:51.2,51.12 1 1
project-capston/features/emergency/service/logic.go:55.154,59.16 4 1
project-capston/features/emergency/service/logic.go:59.16,61.3 1 1
project-capston/features/emergency/service/logic.go:62.2,62.16 1 1
project-capston/features/emergency/service/logic.go:62.16,64.3 1 1
project-capston/features/emergency/service/logic.go:66.2,66.28 1 1
project-capston/features/emergency/service/logic.go:66.28,68.43 2 1
project-capston/features/emergency/service/logic.go:68.43,70.4 1 1
project-capston/features/emergency/service/logic.go:71.3,71.36 1 1
project-capston/features/emergency/service/logic.go:71.36,73.4 1 0
project-capston/features/emergency/service/logic.go:74.3,74.38 1 1
project-capston/features/emergency/service/logic.go:74.38,76.4 1 1
project-capston/features/emergency/service/logic.go:78.3,78.18 1 1
project-capston/features/emergency/service/logic.go:78.18,80.4 1 1
project-capston/features/emergency/service/logic.go:82.2,82.28 1 1
project-capston/features/emergency/service/logic.go:86.100,88.16 2 1
project-capston/features/emergency/service/logic.go:88.16,90.3 1 1
project-capston/features/emergency/service/logic.go:91.2,91.18 1 1
project-capston/features/emergency/service/logic.go:95.111,97.22 1 1
project-capston/features/emergency/service/logic.go:97.22,99.3 1 1
project-capston/features/emergency/service/logic.go:100.2,101.16 2 1
project-capston/features/emergency/service/logic.go:101.16,103.3 1 1
project-capston/features/emergency/service/logic.go:104.2,104.12 1 1
project-capston/features/emergency/service/logic.go:108.56,110.16 2 1
project-capston/features/emergency/service/logic.go:110.16,112.3 1 1
project-capston/features/emergency/service/logic.go:113.2,113.12 1 1
project-capston/features/emergency/service/logic.go:117.99,119.24 2 1
project-capston/features/emergency/service/logic.go:119.24,121.3 1 1
project-capston/features/emergency/service/logic.go:123.2,124.22 2 1
project-capston/features/emergency/service/logic.go:124.22,126.3 1 1
project-capston/features/emergency/service/logic.go:128.2,131.22 4 1
project-capston/features/emergency/service/logic.go:131.22,133.3 1 1
project-capston/features/emergency/service/logic.go:135.2,137.24 3 1
project-capston/features/emergency/service/logic.go:137.24,139.3 1 1
project-capston/features/emergency/service/logic.go:140.2,148.21 3 1
project-capston/features/emergency/service/logic.go:148.21,150.3 1 1
project-capston/features/emergency/service/logic.go:151.2,153.22 2 1
project-capston/features/emergency/service/logic.go:156.88,161.2 1 1
