mode: set
project-capston/features/vehicles/service/logic.go:16.54,18.15 2 1
project-capston/features/vehicles/service/logic.go:18.15,20.3 1 1
project-capston/features/vehicles/service/logic.go:21.2,21.12 1 1
project-capston/features/vehicles/service/logic.go:25.75,27.16 2 1
project-capston/features/vehicles/service/logic.go:27.16,29.3 1 1
project-capston/features/vehicles/service/logic.go:30.2,30.18 1 1
project-capston/features/vehicles/service/logic.go:34.81,37.2 2 1
project-capston/features/vehicles/service/logic.go:40.95,41.20 1 1
project-capston/features/vehicles/service/logic.go:41.20,43.3 1 1
project-capston/features/vehicles/service/logic.go:44.2,45.16 2 1
project-capston/features/vehicles/service/logic.go:45.16,47.3 1 1
project-capston/features/vehicles/service/logic.go:48.2,48.12 1 1
project-capston/features/vehicles/service/logic.go:52.85,54.20 1 1
project-capston/features/vehicles/service/logic.go:54.20,56.3 1 1
project-capston/features/vehicles/service/logic.go:57.2,58.22 2 1
project-capston/features/vehicles/service/logic.go:58.22,60.3 1 1
project-capston/features/vehicles/service/logic.go:61.2,62.16 2 1
project-capston/features/vehicles/service/logic.go:62.16,64.3 1 1
project-capston/features/vehicles/service/logic.go:65.2,65.12 1 1
project-capston/features/vehicles/service/logic.go:68.82,73.2 1 1
